app/build/intermediates/manifest_merge_blame_file/civDebug/processCivDebugMainManifest/manifest-merger-blame-civ-debug-report.txt
1<?xml version="1.0" encoding="utf-8"?>
2<manifest xmlns:android="http://schemas.android.com/apk/res/android"
3    package="com.atakmap.android.helloworld.plugin"
4    android:versionCode="1773859564"
5    android:versionName="1.0 (b295cc6d) - [5.6.0]" >
6
7    <uses-sdk
8        android:minSdkVersion="21"
9        android:targetSdkVersion="34" />
10
11    <!-- allows for the app to run the notification service -->
12    <uses-permission android:name="android.permission.FOREGROUND_SERVICE" />
12-->src\main\AndroidManifest.xml:5:5-76
12-->src\main\AndroidManifest.xml:5:22-74
13
14    <!-- Android 13 required for posting notifications -->
15    <uses-permission android:name="android.permission.POST_NOTIFICATIONS" />
15-->src\main\AndroidManifest.xml:8:5-77
15-->src\main\AndroidManifest.xml:8:22-74
16
17    <!-- Allow for the app to run independent of battery restrictions -->
18    <uses-permission android:name="android.permission.REQUEST_IGNORE_BATTERY_OPTIMIZATIONS" />
18-->src\main\AndroidManifest.xml:11:5-94
18-->src\main\AndroidManifest.xml:11:22-92
19
20    <application
20-->src\main\AndroidManifest.xml:14:5-100:19
21        android:allowBackup="false"
21-->src\main\AndroidManifest.xml:15:9-36
22        android:debuggable="true"
23        android:description="@string/app_desc"
23-->src\main\AndroidManifest.xml:18:9-47
24        android:extractNativeLibs="true"
25        android:icon="@drawable/ic_launcher"
25-->src\main\AndroidManifest.xml:16:9-45
26        android:label="@string/app_name"
26-->src\main\AndroidManifest.xml:17:9-41
27        android:testOnly="true"
28        android:theme="@style/AppTheme" >
28-->src\main\AndroidManifest.xml:19:9-40
29        <meta-data
30            android:name="plugin-api"
30-->src\main\AndroidManifest.xml:20:20-45
31            android:value="com.atakmap.app@5.6.0.CIV" />
31-->src\main\AndroidManifest.xml:20:46-79
32        <meta-data
32-->src\main\AndroidManifest.xml:21:9-78
33            android:name="app_desc"
33-->src\main\AndroidManifest.xml:21:20-43
34            android:value="@string/app_desc" />
34-->src\main\AndroidManifest.xml:21:44-76
35
36        <provider
36-->src\main\AndroidManifest.xml:25:9-28:20
37            android:name="com.javacodegeeks.android.contentprovidertest.BirthProvider"
37-->src\main\AndroidManifest.xml:25:19-93
38            android:authorities="com.javacodegeeks.provider.Birthday"
38-->src\main\AndroidManifest.xml:26:13-70
39            android:exported="true" >
39-->src\main\AndroidManifest.xml:27:13-36
40        </provider>
41
42        <service
42-->src\main\AndroidManifest.xml:30:9-38:19
43            android:name="com.atakmap.android.helloworld.notification.NotificationService"
43-->src\main\AndroidManifest.xml:31:13-91
44            android:exported="true"
44-->src\main\AndroidManifest.xml:33:13-36
45            android:label="Plugin Notification Service" >
45-->src\main\AndroidManifest.xml:32:13-56
46            <intent-filter>
46-->src\main\AndroidManifest.xml:35:13-37:29
47                <action android:name="com.atakmap.android.helloworld.notification.NotificationService" />
47-->src\main\AndroidManifest.xml:36:17-105
47-->src\main\AndroidManifest.xml:36:25-103
48            </intent-filter>
49        </service>
50        <service
50-->src\main\AndroidManifest.xml:40:9-48:19
51            android:name="com.atakmap.android.helloworld.service.ExampleAidlService"
51-->src\main\AndroidManifest.xml:41:13-85
52            android:exported="true"
52-->src\main\AndroidManifest.xml:43:13-36
53            android:label="Plugin Aidl Service" >
53-->src\main\AndroidManifest.xml:42:13-48
54            <intent-filter>
54-->src\main\AndroidManifest.xml:45:13-47:29
55                <action android:name="com.atakmap.android.helloworld.service.ExampleAidlService" />
55-->src\main\AndroidManifest.xml:46:17-99
55-->src\main\AndroidManifest.xml:46:25-97
56            </intent-filter>
57        </service>
58
59        <activity
59-->src\main\AndroidManifest.xml:50:9-55:20
60            android:name="com.atakmap.android.helloworld.CameraActivity"
60-->src\main\AndroidManifest.xml:51:13-73
61            android:configChanges="orientation"
61-->src\main\AndroidManifest.xml:54:13-48
62            android:exported="true"
62-->src\main\AndroidManifest.xml:53:13-36
63            android:theme="@android:style/Theme.Translucent.NoTitleBar.Fullscreen" >
63-->src\main\AndroidManifest.xml:52:13-83
64        </activity>
65
66        <!--
67        Commented out, functionality absorbed by SpeechToActivity
68        <activity
69            android:name="com.atakmap.android.helloworld.SpeechToTextActivity"
70            android:theme="@style/AppTheme"
71            android:exported="true"
72            android:configChanges="orientation"
73            android:launchMode="singleTop">
74            <intent-filter>
75                <action android:name="com.atakmap.android.helloworld.SpeechToTextActivity"/>
76            </intent-filter>
77        </activity>
78        -->
79        <activity
79-->src\main\AndroidManifest.xml:69:9-78:20
80            android:name="com.atakmap.android.helloworld.speechtotext.SpeechToActivity"
80-->src\main\AndroidManifest.xml:70:13-88
81            android:configChanges="orientation"
81-->src\main\AndroidManifest.xml:73:13-48
82            android:exported="true"
82-->src\main\AndroidManifest.xml:72:13-36
83            android:launchMode="singleTop"
83-->src\main\AndroidManifest.xml:74:13-43
84            android:theme="@style/Theme.Transparent" >
84-->src\main\AndroidManifest.xml:71:13-53
85            <intent-filter>
85-->src\main\AndroidManifest.xml:75:13-77:29
86                <action android:name="com.atakmap.android.helloworld.SpeechToActivity" />
86-->src\main\AndroidManifest.xml:76:17-89
86-->src\main\AndroidManifest.xml:76:25-87
87            </intent-filter>
88        </activity>
89
90        <!-- allow for plugin discovery -->
91        <activity
91-->src\main\AndroidManifest.xml:81:8-87:19
92            android:name="com.atakmap.app.component"
92-->src\main\AndroidManifest.xml:81:18-58
93            android:exported="true" >
93-->src\main\AndroidManifest.xml:82:12-35
94            <intent-filter android:label="@string/app_name" >
94-->src\main\AndroidManifest.xml:84:12-86:28
94-->src\main\AndroidManifest.xml:84:27-59
95                <action android:name="com.atakmap.app.component" />
95-->src\main\AndroidManifest.xml:85:15-66
95-->src\main\AndroidManifest.xml:85:23-63
96            </intent-filter>
97        </activity>
98        <activity
98-->src\main\AndroidManifest.xml:90:9-98:20
99            android:name="com.atakmap.android.helloworld.PluginPermissionActivity"
99-->src\main\AndroidManifest.xml:90:19-89
100            android:exported="true"
100-->src\main\AndroidManifest.xml:91:13-36
101            android:launchMode="singleInstance"
101-->src\main\AndroidManifest.xml:92:13-48
102            android:screenOrientation="behind"
102-->src\main\AndroidManifest.xml:93:13-47
103            android:theme="@style/PermissionTheme" >
103-->src\main\AndroidManifest.xml:94:13-51
104            <intent-filter>
104-->src\main\AndroidManifest.xml:95:13-97:29
105                <action android:name="com.atakmap.android.sip.SipPermissionsActivity" />
105-->src\main\AndroidManifest.xml:96:17-89
105-->src\main\AndroidManifest.xml:96:25-86
106            </intent-filter>
107        </activity>
108    </application>
109
110</manifest>